testA.I.Channel更新了：text【Kizuna AI 1st Live 】ライブMCの練習してみた！！【“hello, world”】
 视频地址：https://youtu.be/PvXRRw4ATEQ
 更新于：November 10, 2018 at 06:00PM{"Title":"text【Kizun","postby":"testA.I.Channel","postat":"November 10, 2018 at 06:00PM","url":"https://youtu.be/PvXRRw4ATEQ","type":"AIC","from":"video"}
undefined更新了：
text【Kizun
 视频地址：https://youtu.be/PvXRRw4ATEQ
 更新于：November 10, 2018 at 06:00PM
{"Title":"text","postBy":"testA.I.Channel","postat":"November 10, 2018 at 06:00PM","url":"https://youtu.be/PvXRRw4ATEQ","type":"AIC","from":"video"}
testA.I.Channel更新了：
text
 视频地址：https://youtu.be/PvXRRw4ATEQ
 更新于：November 10, 2018 at 06:00PM
{"Title":"text","postBy":"testA.I.Channel","postat":"November 10, 2018 at 06:00PM","url":"https://youtu.be/PvXRRw4ATEQ","type":"AIC","from":"video"}
testA.I.Channel更新了：
text
 视频地址：https://youtu.be/PvXRRw4ATEQ
 更新于：November 10, 2018 at 06:00PM
{"Title":"text","postBy":"testA.I.Channel","postat":"November 10, 2018 at 06:00PM","url":"https://youtu.be/PvXRRw4ATEQ","type":"AIC","from":"twitter"}
testA.I.Channel发推了：
undefined
 地址：https://youtu.be/PvXRRw4ATEQ
 发布于：November 10, 2018 at 06:00PM
{"Title":"text","postBy":"testA.I.Channel","postat":"November 10, 2018 at 06:00PM","url":"https://youtu.be/PvXRRw4ATEQ","type":"AIC","from":"twitter"}
testA.I.Channel|发推了：
--------------------------------------------------
undefined
--------------------------------------------------
地址：https://youtu.be/PvXRRw4ATEQ
--------------------------------------------------
发布于：November 10, 2018 at 06:00PM
--------------------------------------------------

{"Title":"text","postBy":"testA.I.Channel","postat":"November 10, 2018 at 06:00PM","url":"https://youtu.be/PvXRRw4ATEQ","type":"AIC","from":"twitter"}
testA.I.Channel|发推了：
--------------------------------------------------
undefined
--------------------------------------------------
地址：https://youtu.be/PvXRRw4ATEQ
--------------------------------------------------
发布于：November 10, 2018 at 06:00PM
--------------------------------------------------


testA.I.Channel|发推了：
--------------------------------------------------
undefined
--------------------------------------------------
地址：https://youtu.be/PvXRRw4ATEQ
--------------------------------------------------
发布于：November 10, 2018 at 06:00PM
--------------------------------------------------

{"Title":"text","postBy":"testA.I.Channel","postat":"November 10, 2018 at 06:00PM","url":"https://youtu.be/PvXRRw4ATEQ","type":"AIC","from":"twitter"}{"Title":"text","postBy":"testA.I.Channel","postat":"November 10, 2018 at 06:00PM","url":"https://youtu.be/PvXRRw4ATEQ","type":"AIO","from":"twitter"}
testA.I.Channel|发推了：
--------------------------------------------------
undefined
--------------------------------------------------
地址：https://youtu.be/PvXRRw4ATEQ
--------------------------------------------------
发布于：November 10, 2018 at 06:00PM
--------------------------------------------------

{"Title":"text","postBy":"testA.I.Channel","postat":"November 10, 2018 at 06:00PM","url":"https://youtu.be/PvXRRw4ATEQ","type":"AIO","from":"twitter"}
testA.I.Channel|发推了：
--------------------------------------------------
undefined
--------------------------------------------------
地址：https://youtu.be/PvXRRw4ATEQ
--------------------------------------------------
发布于：November 10, 2018 at 06:00PM
--------------------------------------------------


testA.I.Channel|发推了：
--------------------------------------------------
text
--------------------------------------------------
地址：https://youtu.be/PvXRRw4ATEQ
--------------------------------------------------
发布于：November 10, 2018 at 06:00PM
--------------------------------------------------

{"Title":"text","postBy":"testA.I.Channel","postat":"November 10, 2018 at 06:00PM","url":"https://youtu.be/PvXRRw4ATEQ","type":"AIO","from":"twitter","text":"text"}{"Title":"text","postBy":"testA.I.Channel","postat":"November 10, 2018 at 06:00PM","url":"https://youtu.be/PvXRRw4ATEQ","type":"AOI","from":"twitter","text":"text"}
testA.I.Channel|发推了：
--------------------------------------------------
text
--------------------------------------------------
地址：https://youtu.be/PvXRRw4ATEQ
--------------------------------------------------
发布于：November 10, 2018 at 06:00PM
--------------------------------------------------

{"Title":"text","postBy":"testA.I.Channel","postat":"November 10, 2018 at 06:00PM","url":"https://youtu.be/PvXRRw4ATEQ","type":"AIC","from":"twitter"}
testA.I.Channel|发推了：
--------------------------------------------------
undefined
--------------------------------------------------
地址：https://youtu.be/PvXRRw4ATEQ
--------------------------------------------------
发布于：November 10, 2018 at 06:00PM
--------------------------------------------------

{"Title":"text","text":"text","postBy":"testA.I.Channel","postat":"November 10, 2018 at 06:00PM","url":"https://youtu.be/PvXRRw4ATEQ","type":"AIC","from":"twitter"}
testA.I.Channel|发推了：
--------------------------------------------------
text
--------------------------------------------------
地址：https://youtu.be/PvXRRw4ATEQ
--------------------------------------------------
发布于：November 10, 2018 at 06:00PM
--------------------------------------------------

